<?xml version="1.0" encoding="UTF-8"?>
<!-- Generated by org.testng.reporters.JUnitXMLReporter -->
<testsuite hostname="LAPTOP-0MRCKFGU" ignored="4" name="Default test" tests="1" failures="0" timestamp="2020-02-06T22:25:48 CST" time="64.551" errors="0">
  <testcase name="roundTrip" time="44.893" classname="com.kayak.testcases.CalendarDemo"/>
  <testcase name="cantDecide" time="0.0" classname="com.kayak.testcases.CalendarDemo">
    <ignored/>
  </testcase> <!-- cantDecide -->
  <testcase name="oneWay" time="0.0" classname="com.kayak.testcases.CalendarDemo">
    <ignored/>
  </testcase> <!-- oneWay -->
  <testcase name="swapDestination" time="0.0" classname="com.kayak.testcases.CalendarDemo">
    <ignored/>
  </testcase> <!-- swapDestination -->
  <testcase name="TripBuilder" time="0.0" classname="com.kayak.testcases.CalendarDemo">
    <ignored/>
  </testcase> <!-- TripBuilder -->
</testsuite> <!-- Default test -->
